<?xml version="1.0" encoding="UTF-8"?>
<testng-results skipped="0" failed="0" ignored="0" total="1" passed="1">
  <reporter-output>
  </reporter-output>
  <suite name="Default suite" duration-ms="33603" started-at="2020-02-24T12:04:32 IST" finished-at="2020-02-24T12:05:05 IST">
    <groups>
    </groups>
    <test name="Default test" duration-ms="33603" started-at="2020-02-24T12:04:32 IST" finished-at="2020-02-24T12:05:05 IST">
      <class name="com.actiTime.jenkinProject.LoginPage">
        <test-method status="PASS" signature="openApp()[pri:0, instance:com.actiTime.jenkinProject.LoginPage@6e0e048a]" name="openApp" duration-ms="33528" started-at="2020-02-24T12:04:32 IST" finished-at="2020-02-24T12:05:05 IST">
          <reporter-output>
          </reporter-output>
        </test-method> <!-- openApp -->
      </class> <!-- com.actiTime.jenkinProject.LoginPage -->
    </test> <!-- Default test -->
  </suite> <!-- Default suite -->
</testng-results>
